
# Lista de aplicaciones Flatpak para instalar
# Líneas que comienzan con # son comentarios
# Un ID de aplicación por línea

# === MULTIMEDIA ===
com.github.rafostar.Clapper
com.github.unrud.VideoDownloader
com.obsproject.Studio

# === UTILIDADES ===
com.github.tchx84.Flatseal
io.github.flattool.Warehouse
io.gitlab.adhami3310.Impression
io.missioncenter.MissionCenter

# === COMUNICACIÓN ===
io.github.spacingbat3.webcord

# === DISEÑO Y CREATIVIDAD ===
org.blender.Blender
org.gimp.GIMP
org.inkscape.Inkscape
org.kde.krita
io.gitlab.theevilskeleton.Upscaler

# === VISUALIZADORES ===
org.gnome.eog

# === VIRTUALIZACIÓN ===
org.gnome.Boxes